<?xml version="1.0" encoding="UTF-8"?>
<testng-results ignored="0" total="1" passed="1" failed="0" skipped="0">
  <reporter-output>
  </reporter-output>
  <suite started-at="2022-04-25T14:32:20 EDT" name="Suite" finished-at="2022-04-25T14:32:21 EDT" duration-ms="288">
    <groups>
      <group name="cucumber">
        <method signature="AbstractTestNGCucumberTests.runScenario(io.cucumber.testng.PickleWrapper,io.cucumber.testng.FeatureWrapper)[pri:0, instance:CucumberOptions.TestngRunner@3f6f6701]" name="runScenario" class="io.cucumber.testng.AbstractTestNGCucumberTests"/>
      </group> <!-- cucumber -->
    </groups>
    <test started-at="2022-04-25T14:32:20 EDT" name="Test" finished-at="2022-04-25T14:32:21 EDT" duration-ms="288">
      <class name="CucumberOptions.TestngRunner">
        <test-method is-config="true" signature="setUpClass(org.testng.ITestContext)[pri:0, instance:CucumberOptions.TestngRunner@3f6f6701]" started-at="2022-04-25T14:32:20 EDT" name="setUpClass" finished-at="2022-04-25T14:32:21 EDT" duration-ms="199" status="PASS">
          <params>
            <param index="0">
              <value>
                <![CDATA[org.testng.TestRunner@162be91c]]>
              </value>
            </param>
          </params>
          <reporter-output>
          </reporter-output>
        </test-method> <!-- setUpClass -->
        <test-method signature="runScenario(io.cucumber.testng.PickleWrapper,io.cucumber.testng.FeatureWrapper)[pri:0, instance:CucumberOptions.TestngRunner@3f6f6701]" started-at="2022-04-25T14:32:21 EDT" name="runScenario" description="Runs Cucumber Scenarios" data-provider="scenarios" finished-at="2022-04-25T14:32:21 EDT" duration-ms="56" status="PASS">
          <params>
            <param index="0">
              <value>
                <![CDATA["Positive Test Validation of Login"]]>
              </value>
            </param>
            <param index="1">
              <value>
                <![CDATA["Optional[Login in Application]"]]>
              </value>
            </param>
          </params>
          <reporter-output>
          </reporter-output>
        </test-method> <!-- runScenario -->
        <test-method is-config="true" signature="tearDownClass()[pri:0, instance:CucumberOptions.TestngRunner@3f6f6701]" started-at="2022-04-25T14:32:21 EDT" name="tearDownClass" finished-at="2022-04-25T14:32:21 EDT" duration-ms="7" status="PASS">
          <reporter-output>
          </reporter-output>
        </test-method> <!-- tearDownClass -->
      </class> <!-- CucumberOptions.TestngRunner -->
    </test> <!-- Test -->
  </suite> <!-- Suite -->
</testng-results>
